Using pre-set license
Built from '2020.2/staging' branch; Version is '2020.2.6f1 (8a2143876886) revision 9052483'; Using compiler version '192528614'; Build Type 'Release'
OS: 'Windows 10 Pro; OS build 19043.1586; Version 2009; 64bit' Language: 'zh' Physical Memory: 8128 MB
BatchMode: 1, IsHumanControllingUs: 0, StartBugReporterOnCrash: 0, Is64bit: 1, IsPro: 0

 COMMAND LINE ARGUMENTS:
D:\soft\unity2020\Unity\Editor\Unity.exe
-adb2
-batchMode
-noUpm
-name
AssetImportWorker0
-projectPath
E:/GitHub/unity-optical-flow
-logFile
Logs/AssetImportWorker0.log
-srvPort
10481
Successfully changed project path to: E:/GitHub/unity-optical-flow
E:/GitHub/unity-optical-flow
Using Asset Import Pipeline V2.
Refreshing native plugins compatible for Editor in 67.53 ms, found 0 plugins.
Preloading 0 native plugins for Editor in 0.00 ms.
Initialize engine version: 2020.2.6f1 (8a2143876886)
[Subsystems] Discovering subsystems at path D:/soft/unity2020/Unity/Editor/Data/Resources/UnitySubsystems
[Subsystems] Discovering subsystems at path E:/GitHub/unity-optical-flow/Assets
GfxDevice: creating device client; threaded=0
Direct3D:
    Version:  Direct3D 11.0 [level 11.1]
    Renderer: NVIDIA GeForce GTX 1060 3GB (ID=0x1c02)
    Vendor:   
    VRAM:     2988 MB
    Driver:   27.21.14.6677
Shader 'Universal Render Pipeline/Particles/Lit': fallback shader 'Universal Render Pipeline/Particles/SimpleLit' not found
Initialize mono
Mono path[0] = 'D:/soft/unity2020/Unity/Editor/Data/Managed'
Mono path[1] = 'D:/soft/unity2020/Unity/Editor/Data/MonoBleedingEdge/lib/mono/unityjit'
Mono config path = 'D:/soft/unity2020/Unity/Editor/Data/MonoBleedingEdge/etc'
Using monoOptions --debugger-agent=transport=dt_socket,embedding=1,server=y,suspend=n,address=127.0.0.1:56668
Begin MonoManager ReloadAssembly
Registering precompiled unity dll's ...
Register platform support module: D:/soft/unity2020/Unity/Editor/Data/PlaybackEngines/WindowsStandaloneSupport/UnityEditor.WindowsStandalone.Extensions.dll
Registered in 0.001409 seconds.
Native extension for WindowsStandalone target not found
Refreshing native plugins compatible for Editor in 61.75 ms, found 0 plugins.
Preloading 0 native plugins for Editor in 0.00 ms.
Invoked RoslynAnalysisRunner static constructor.
RoslynAnalysisRunner will not be running.
RoslynAnalysisRunner has terminated.
Mono: successfully reloaded assembly
- Completed reload, in  1.091 seconds
Platform modules already initialized, skipping
Registering precompiled user dll's ...
Registered in 0.002924 seconds.
Begin MonoManager ReloadAssembly
Native extension for WindowsStandalone target not found
Refreshing native plugins compatible for Editor in 59.07 ms, found 0 plugins.
Preloading 0 native plugins for Editor in 0.00 ms.
Invoked RoslynAnalysisRunner static constructor.
RoslynAnalysisRunner will not be running.
RoslynAnalysisRunner has terminated.
Mono: successfully reloaded assembly
- Completed reload, in  1.098 seconds
Platform modules already initialized, skipping
========================================================================
Worker process is ready to serve import requests
Shader 'Universal Render Pipeline/Particles/Lit': fallback shader 'Universal Render Pipeline/Particles/SimpleLit' not found
Launched and connected shader compiler UnityShaderCompiler.exe after 0.07 seconds
Refreshing native plugins compatible for Editor in 1.03 ms, found 0 plugins.
Preloading 0 native plugins for Editor in 0.00 ms.
Unloading 3236 Unused Serialized files (Serialized files now loaded: 0)
System memory in use before: 135.4 MB.
System memory in use after: 135.6 MB.

Unloading 34 unused Assets to reduce memory usage. Loaded Objects now: 3663.
Total: 2.631800 ms (FindLiveObjects: 0.524600 ms CreateObjectMapping: 0.244700 ms MarkObjects: 1.778900 ms  DeleteObjects: 0.081800 ms)

========================================================================
Received Import Request.
  path: Assets/OpticalFlow/Scenes/WebCamOpticalFlow.unity
  artifactKey: Guid(9589036f9643cae4ab15dbb3efcf525e) Importer(815301076,1909f56bfc062723c751e8b465ee728b)
Start importing Assets/OpticalFlow/Scenes/WebCamOpticalFlow.unity using Guid(9589036f9643cae4ab15dbb3efcf525e) Importer(815301076,1909f56bfc062723c751e8b465ee728b)  -> (artifact id: 'e45c7624f2d42c0689ae7655203629ed') in 0.014272 seconds
  Import took 0.019238 seconds .

========================================================================
Received Prepare
Registering precompiled user dll's ...
Registered in 0.002017 seconds.
Begin MonoManager ReloadAssembly
Native extension for WindowsStandalone target not found
Refreshing native plugins compatible for Editor in 0.99 ms, found 0 plugins.
Preloading 0 native plugins for Editor in 0.00 ms.
Invoked RoslynAnalysisRunner static constructor.
RoslynAnalysisRunner will not be running.
RoslynAnalysisRunner has terminated.
Mono: successfully reloaded assembly
- Completed reload, in  1.017 seconds
Platform modules already initialized, skipping
Shader 'Universal Render Pipeline/Particles/Lit': fallback shader 'Universal Render Pipeline/Particles/SimpleLit' not found
Refreshing native plugins compatible for Editor in 0.64 ms, found 0 plugins.
Preloading 0 native plugins for Editor in 0.00 ms.
Unloading 3117 Unused Serialized files (Serialized files now loaded: 0)
System memory in use before: 128.7 MB.
System memory in use after: 128.9 MB.

Unloading 25 unused Assets to reduce memory usage. Loaded Objects now: 3665.
Total: 5.139000 ms (FindLiveObjects: 0.869600 ms CreateObjectMapping: 0.697700 ms MarkObjects: 3.527300 ms  DeleteObjects: 0.042700 ms)

========================================================================
Received Import Request.
  Time since last request: 356.363404 seconds.
  path: Assets/VFX/TestOpticalFlow.vfx
  artifactKey: Guid(a8f016b0361437a4d99411ef74a19f28) Importer(815301076,1909f56bfc062723c751e8b465ee728b)
Start importing Assets/VFX/TestOpticalFlow.vfx using Guid(a8f016b0361437a4d99411ef74a19f28) Importer(815301076,1909f56bfc062723c751e8b465ee728b)  -> (artifact id: '9fcface2390c4cd383be2660c88b6f38') in 0.062359 seconds
  Import took 0.068397 seconds .

========================================================================
Received Prepare
Registering precompiled user dll's ...
Registered in 0.001817 seconds.
Begin MonoManager ReloadAssembly
Native extension for WindowsStandalone target not found
Refreshing native plugins compatible for Editor in 1.02 ms, found 0 plugins.
Preloading 0 native plugins for Editor in 0.00 ms.
Invoked RoslynAnalysisRunner static constructor.
RoslynAnalysisRunner will not be running.
RoslynAnalysisRunner has terminated.
Mono: successfully reloaded assembly
- Completed reload, in  1.797 seconds
Platform modules already initialized, skipping
Shader 'Universal Render Pipeline/Particles/Lit': fallback shader 'Universal Render Pipeline/Particles/SimpleLit' not found
Refreshing native plugins compatible for Editor in 0.67 ms, found 0 plugins.
Preloading 0 native plugins for Editor in 0.00 ms.
Unloading 3117 Unused Serialized files (Serialized files now loaded: 0)
System memory in use before: 128.8 MB.
System memory in use after: 129.0 MB.

Unloading 25 unused Assets to reduce memory usage. Loaded Objects now: 3667.
Total: 3.942100 ms (FindLiveObjects: 0.839400 ms CreateObjectMapping: 0.361400 ms MarkObjects: 2.687100 ms  DeleteObjects: 0.052100 ms)

========================================================================
Received Import Request.
  Time since last request: 32.874358 seconds.
  path: Assets/VFX/TestOpticalFlow.vfx
  artifactKey: Guid(a8f016b0361437a4d99411ef74a19f28) Importer(815301076,1909f56bfc062723c751e8b465ee728b)
Start importing Assets/VFX/TestOpticalFlow.vfx using Guid(a8f016b0361437a4d99411ef74a19f28) Importer(815301076,1909f56bfc062723c751e8b465ee728b)  -> (artifact id: '9d40e9abdfb1f5610508bc109b642145') in 0.030448 seconds
  Import took 0.035431 seconds .

========================================================================
Received Import Request.
  Time since last request: 10.253563 seconds.
  path: Assets/VFX/TestOpticalFlow.vfx
  artifactKey: Guid(a8f016b0361437a4d99411ef74a19f28) Importer(815301076,1909f56bfc062723c751e8b465ee728b)
Start importing Assets/VFX/TestOpticalFlow.vfx using Guid(a8f016b0361437a4d99411ef74a19f28) Importer(815301076,1909f56bfc062723c751e8b465ee728b)  -> (artifact id: 'f2537b10d3bd14683e4220cf61d1167d') in 0.003019 seconds
  Import took 0.008971 seconds .

========================================================================
Received Import Request.
  Time since last request: 58.460978 seconds.
  path: Assets/VFX/TestOpticalFlow.vfx
  artifactKey: Guid(a8f016b0361437a4d99411ef74a19f28) Importer(815301076,1909f56bfc062723c751e8b465ee728b)
Start importing Assets/VFX/TestOpticalFlow.vfx using Guid(a8f016b0361437a4d99411ef74a19f28) Importer(815301076,1909f56bfc062723c751e8b465ee728b)  -> (artifact id: 'abc0fdb3ef28892de300fc033d0b1f43') in 0.003956 seconds
  Import took 0.008937 seconds .

========================================================================
Received Import Request.
  Time since last request: 66.892642 seconds.
  path: Assets/VFX/TestOpticalFlow.vfx
  artifactKey: Guid(a8f016b0361437a4d99411ef74a19f28) Importer(815301076,1909f56bfc062723c751e8b465ee728b)
Start importing Assets/VFX/TestOpticalFlow.vfx using Guid(a8f016b0361437a4d99411ef74a19f28) Importer(815301076,1909f56bfc062723c751e8b465ee728b)  -> (artifact id: '09e85dcb84a095d1d6a997b31219af8d') in 0.003277 seconds
  Import took 0.011273 seconds .

========================================================================
Received Import Request.
  Time since last request: 3.785176 seconds.
  path: Assets/VFX/TestOpticalFlow.vfx
  artifactKey: Guid(a8f016b0361437a4d99411ef74a19f28) Importer(815301076,1909f56bfc062723c751e8b465ee728b)
Start importing Assets/VFX/TestOpticalFlow.vfx using Guid(a8f016b0361437a4d99411ef74a19f28) Importer(815301076,1909f56bfc062723c751e8b465ee728b)  -> (artifact id: '0182f1aa4e42b6ba99c691de27b04901') in 0.004202 seconds
  Import took 0.010740 seconds .

========================================================================
Received Import Request.
  Time since last request: 2.749352 seconds.
  path: Assets/VFX/TestOpticalFlow.vfx
  artifactKey: Guid(a8f016b0361437a4d99411ef74a19f28) Importer(815301076,1909f56bfc062723c751e8b465ee728b)
Start importing Assets/VFX/TestOpticalFlow.vfx using Guid(a8f016b0361437a4d99411ef74a19f28) Importer(815301076,1909f56bfc062723c751e8b465ee728b)  -> (artifact id: '492eb3d2f592e9736ed297d9e97b9d2c') in 0.005848 seconds
  Import took 0.012297 seconds .

========================================================================
Received Prepare
Registering precompiled user dll's ...
Registered in 0.001829 seconds.
Begin MonoManager ReloadAssembly
Native extension for WindowsStandalone target not found
Refreshing native plugins compatible for Editor in 0.91 ms, found 0 plugins.
Preloading 0 native plugins for Editor in 0.00 ms.
Invoked RoslynAnalysisRunner static constructor.
RoslynAnalysisRunner will not be running.
RoslynAnalysisRunner has terminated.
Mono: successfully reloaded assembly
- Completed reload, in  1.010 seconds
Platform modules already initialized, skipping
Shader 'Universal Render Pipeline/Particles/Lit': fallback shader 'Universal Render Pipeline/Particles/SimpleLit' not found
Refreshing native plugins compatible for Editor in 0.73 ms, found 0 plugins.
Preloading 0 native plugins for Editor in 0.00 ms.
Unloading 3117 Unused Serialized files (Serialized files now loaded: 0)
System memory in use before: 128.8 MB.
System memory in use after: 129.0 MB.

Unloading 25 unused Assets to reduce memory usage. Loaded Objects now: 3669.
Total: 4.367800 ms (FindLiveObjects: 0.698900 ms CreateObjectMapping: 0.248700 ms MarkObjects: 3.371300 ms  DeleteObjects: 0.047800 ms)

========================================================================
Received Import Request.
  Time since last request: 43.533339 seconds.
  path: Assets/VFX/TestOpticalFlow.vfx
  artifactKey: Guid(a8f016b0361437a4d99411ef74a19f28) Importer(815301076,1909f56bfc062723c751e8b465ee728b)
Start importing Assets/VFX/TestOpticalFlow.vfx using Guid(a8f016b0361437a4d99411ef74a19f28) Importer(815301076,1909f56bfc062723c751e8b465ee728b)  -> (artifact id: 'db1b50361b79a7bd308b0f83808fee19') in 0.021357 seconds
  Import took 0.030690 seconds .

========================================================================
Received Import Request.
  Time since last request: 30.078587 seconds.
  path: Assets/VFX/TestOpticalFlow.vfx
  artifactKey: Guid(a8f016b0361437a4d99411ef74a19f28) Importer(815301076,1909f56bfc062723c751e8b465ee728b)
Start importing Assets/VFX/TestOpticalFlow.vfx using Guid(a8f016b0361437a4d99411ef74a19f28) Importer(815301076,1909f56bfc062723c751e8b465ee728b)  -> (artifact id: '78c04d6c27e217280e117661e594503c') in 0.004086 seconds
  Import took 0.012853 seconds .

========================================================================
Received Import Request.
  Time since last request: 11.810669 seconds.
  path: Assets/VFX/TestOpticalFlow.vfx
  artifactKey: Guid(a8f016b0361437a4d99411ef74a19f28) Importer(815301076,1909f56bfc062723c751e8b465ee728b)
Start importing Assets/VFX/TestOpticalFlow.vfx using Guid(a8f016b0361437a4d99411ef74a19f28) Importer(815301076,1909f56bfc062723c751e8b465ee728b)  -> (artifact id: 'c1733f1d794b33a31dba5a448f71a07c') in 0.003005 seconds
  Import took 0.008699 seconds .

========================================================================
Received Import Request.
  Time since last request: 77.837847 seconds.
  path: Assets/VFX/TestOpticalFlow.vfx
  artifactKey: Guid(a8f016b0361437a4d99411ef74a19f28) Importer(815301076,1909f56bfc062723c751e8b465ee728b)
Start importing Assets/VFX/TestOpticalFlow.vfx using Guid(a8f016b0361437a4d99411ef74a19f28) Importer(815301076,1909f56bfc062723c751e8b465ee728b)  -> (artifact id: 'd0f147cd4e4b76d0d3d5fbddf6029a1c') in 0.003502 seconds
  Import took 0.012364 seconds .

========================================================================
Received Import Request.
  Time since last request: 30.200039 seconds.
  path: Assets/VFX/TestOpticalFlow.vfx
  artifactKey: Guid(a8f016b0361437a4d99411ef74a19f28) Importer(815301076,1909f56bfc062723c751e8b465ee728b)
Start importing Assets/VFX/TestOpticalFlow.vfx using Guid(a8f016b0361437a4d99411ef74a19f28) Importer(815301076,1909f56bfc062723c751e8b465ee728b)  -> (artifact id: 'dbfe29395958aebd775e65d2653e2cce') in 0.003147 seconds
  Import took 0.008890 seconds .

========================================================================
Received Import Request.
  Time since last request: 86.073211 seconds.
  path: Assets/VFX/TestOpticalFlow.vfx
  artifactKey: Guid(a8f016b0361437a4d99411ef74a19f28) Importer(815301076,1909f56bfc062723c751e8b465ee728b)
Start importing Assets/VFX/TestOpticalFlow.vfx using Guid(a8f016b0361437a4d99411ef74a19f28) Importer(815301076,1909f56bfc062723c751e8b465ee728b)  -> (artifact id: '5742aea5e4d8ccea46e03af8fee919f9') in 0.003883 seconds
  Import took 0.009523 seconds .

========================================================================
Received Import Request.
  Time since last request: 6.944599 seconds.
  path: Assets/VFX/TestOpticalFlow.vfx
  artifactKey: Guid(a8f016b0361437a4d99411ef74a19f28) Importer(815301076,1909f56bfc062723c751e8b465ee728b)
Start importing Assets/VFX/TestOpticalFlow.vfx using Guid(a8f016b0361437a4d99411ef74a19f28) Importer(815301076,1909f56bfc062723c751e8b465ee728b)  -> (artifact id: 'aaca64d1a3eada70e8dd8c91ab440ccf') in 0.004189 seconds
  Import took 0.010191 seconds .

========================================================================
Received Import Request.
  Time since last request: 11.823168 seconds.
  path: Assets/VFX/TestOpticalFlow.vfx
  artifactKey: Guid(a8f016b0361437a4d99411ef74a19f28) Importer(815301076,1909f56bfc062723c751e8b465ee728b)
Start importing Assets/VFX/TestOpticalFlow.vfx using Guid(a8f016b0361437a4d99411ef74a19f28) Importer(815301076,1909f56bfc062723c751e8b465ee728b)  -> (artifact id: 'aa69ba6c513e18bd14fa9cfeb8b123e1') in 0.003710 seconds
  Import took 0.021177 seconds .

========================================================================
Received Import Request.
  Time since last request: 12.703923 seconds.
  path: Assets/VFX/TestOpticalFlow.vfx
  artifactKey: Guid(a8f016b0361437a4d99411ef74a19f28) Importer(815301076,1909f56bfc062723c751e8b465ee728b)
Start importing Assets/VFX/TestOpticalFlow.vfx using Guid(a8f016b0361437a4d99411ef74a19f28) Importer(815301076,1909f56bfc062723c751e8b465ee728b)  -> (artifact id: '6667fab346475e6bc15bdf08451b3e9c') in 0.003517 seconds
  Import took 0.009942 seconds .

========================================================================
Received Prepare
Registering precompiled user dll's ...
Registered in 0.002563 seconds.
Begin MonoManager ReloadAssembly
Native extension for WindowsStandalone target not found
Refreshing native plugins compatible for Editor in 0.88 ms, found 0 plugins.
Preloading 0 native plugins for Editor in 0.00 ms.
Invoked RoslynAnalysisRunner static constructor.
RoslynAnalysisRunner will not be running.
RoslynAnalysisRunner has terminated.
Mono: successfully reloaded assembly
- Completed reload, in  1.236 seconds
Platform modules already initialized, skipping
Shader 'Universal Render Pipeline/Particles/Lit': fallback shader 'Universal Render Pipeline/Particles/SimpleLit' not found
Refreshing native plugins compatible for Editor in 0.75 ms, found 0 plugins.
Preloading 0 native plugins for Editor in 0.00 ms.
Unloading 3117 Unused Serialized files (Serialized files now loaded: 0)
System memory in use before: 128.8 MB.
System memory in use after: 129.1 MB.

Unloading 25 unused Assets to reduce memory usage. Loaded Objects now: 3671.
Total: 4.628500 ms (FindLiveObjects: 0.555000 ms CreateObjectMapping: 0.274000 ms MarkObjects: 3.766900 ms  DeleteObjects: 0.029600 ms)

========================================================================
Received Import Request.
  Time since last request: 38.197590 seconds.
  path: Assets/VFX/TestOpticalFlow.vfx
  artifactKey: Guid(a8f016b0361437a4d99411ef74a19f28) Importer(815301076,1909f56bfc062723c751e8b465ee728b)
Start importing Assets/VFX/TestOpticalFlow.vfx using Guid(a8f016b0361437a4d99411ef74a19f28) Importer(815301076,1909f56bfc062723c751e8b465ee728b)  -> (artifact id: 'c4fe08f98640736f38310e0674b559be') in 0.020435 seconds
  Import took 0.028426 seconds .

AssetImportWorkerClient::OnTransportError - code=2 error=End of file
