Using pre-set license
Built from '2020.2/staging' branch; Version is '2020.2.6f1 (8a2143876886) revision 9052483'; Using compiler version '192528614'; Build Type 'Release'
OS: 'Windows 10 Pro; OS build 19042.1586; Version 2009; 64bit' Language: 'zh' Physical Memory: 16326 MB
BatchMode: 1, IsHumanControllingUs: 0, StartBugReporterOnCrash: 0, Is64bit: 1, IsPro: 0

 COMMAND LINE ARGUMENTS:
F:\InstallationPackage\unity2020\Unity\Editor\Unity.exe
-adb2
-batchMode
-noUpm
-name
AssetImportWorker0
-projectPath
E:/FILE_WZS/Git/unity-optical-flow
-logFile
Logs/AssetImportWorker0.log
-srvPort
56133
Successfully changed project path to: E:/FILE_WZS/Git/unity-optical-flow
E:/FILE_WZS/Git/unity-optical-flow
Using Asset Import Pipeline V2.
Refreshing native plugins compatible for Editor in 65.61 ms, found 0 plugins.
Preloading 0 native plugins for Editor in 0.00 ms.
Initialize engine version: 2020.2.6f1 (8a2143876886)
[Subsystems] Discovering subsystems at path F:/InstallationPackage/unity2020/Unity/Editor/Data/Resources/UnitySubsystems
[Subsystems] Discovering subsystems at path E:/FILE_WZS/Git/unity-optical-flow/Assets
GfxDevice: creating device client; threaded=0
Direct3D:
    Version:  Direct3D 11.0 [level 11.1]
    Renderer: NVIDIA GeForce GTX 1660 (ID=0x2184)
    Vendor:   
    VRAM:     5991 MB
    Driver:   30.0.14.7212
Shader 'Universal Render Pipeline/Particles/Lit': fallback shader 'Universal Render Pipeline/Particles/SimpleLit' not found
Initialize mono
Mono path[0] = 'F:/InstallationPackage/unity2020/Unity/Editor/Data/Managed'
Mono path[1] = 'F:/InstallationPackage/unity2020/Unity/Editor/Data/MonoBleedingEdge/lib/mono/unityjit'
Mono config path = 'F:/InstallationPackage/unity2020/Unity/Editor/Data/MonoBleedingEdge/etc'
Using monoOptions --debugger-agent=transport=dt_socket,embedding=1,server=y,suspend=n,address=127.0.0.1:56548
Begin MonoManager ReloadAssembly
Registering precompiled unity dll's ...
Register platform support module: F:/InstallationPackage/unity2020/Unity/Editor/Data/PlaybackEngines/WindowsStandaloneSupport/UnityEditor.WindowsStandalone.Extensions.dll
Registered in 0.001021 seconds.
Native extension for WindowsStandalone target not found
Refreshing native plugins compatible for Editor in 56.28 ms, found 0 plugins.
Preloading 0 native plugins for Editor in 0.00 ms.
Invoked RoslynAnalysisRunner static constructor.
RoslynAnalysisRunner will not be running.
RoslynAnalysisRunner has terminated.
Mono: successfully reloaded assembly
- Completed reload, in  1.142 seconds
Platform modules already initialized, skipping
Registering precompiled user dll's ...
Registered in 0.002238 seconds.
Begin MonoManager ReloadAssembly
Native extension for WindowsStandalone target not found
Refreshing native plugins compatible for Editor in 56.32 ms, found 0 plugins.
Preloading 0 native plugins for Editor in 0.00 ms.
Invoked RoslynAnalysisRunner static constructor.
RoslynAnalysisRunner will not be running.
RoslynAnalysisRunner has terminated.
Mono: successfully reloaded assembly
- Completed reload, in  1.093 seconds
Platform modules already initialized, skipping
========================================================================
Worker process is ready to serve import requests
Shader 'Universal Render Pipeline/Particles/Lit': fallback shader 'Universal Render Pipeline/Particles/SimpleLit' not found
Launched and connected shader compiler UnityShaderCompiler.exe after 0.11 seconds
Refreshing native plugins compatible for Editor in 0.75 ms, found 0 plugins.
Preloading 0 native plugins for Editor in 0.00 ms.
Unloading 3236 Unused Serialized files (Serialized files now loaded: 0)
System memory in use before: 135.6 MB.
System memory in use after: 135.6 MB.

Unloading 44 unused Assets to reduce memory usage. Loaded Objects now: 3655.
Total: 6.413500 ms (FindLiveObjects: 0.460900 ms CreateObjectMapping: 0.266100 ms MarkObjects: 5.382700 ms  DeleteObjects: 0.302200 ms)

========================================================================
Received Import Request.
  path: ProjectSettings/TagManager.asset
  artifactKey: Guid(00000000000000003000000000000000) Importer(815301076,1909f56bfc062723c751e8b465ee728b)
Start importing ProjectSettings/TagManager.asset using Guid(00000000000000003000000000000000) Importer(815301076,1909f56bfc062723c751e8b465ee728b)  -> (artifact id: '5d0719fc79a4fa3d5013d40844a4f307') in 0.070701 seconds
  Import took 0.092830 seconds .

========================================================================
Received Import Request.
  Time since last request: 0.001975 seconds.
  path: ProjectSettings/TagManager.asset
  artifactKey: Guid(00000000000000003000000000000000) Importer(815301076,1909f56bfc062723c751e8b465ee728b)
Start importing ProjectSettings/TagManager.asset using Guid(00000000000000003000000000000000) Importer(815301076,1909f56bfc062723c751e8b465ee728b)  -> (artifact id: '5d0719fc79a4fa3d5013d40844a4f307') in 0.006272 seconds
  Import took 0.012000 seconds .

========================================================================
Received Import Request.
  Time since last request: 45.964057 seconds.
  path: Assets/OpticalFlow
  artifactKey: Guid(6dd06cad26ecc4343851cb8a80a18786) Importer(815301076,1909f56bfc062723c751e8b465ee728b)
Start importing Assets/OpticalFlow using Guid(6dd06cad26ecc4343851cb8a80a18786) Importer(815301076,1909f56bfc062723c751e8b465ee728b)  -> (artifact id: '41ea90fb55c0c936f971e68fe2dafce2') in 0.003870 seconds
  Import took 0.027757 seconds .

========================================================================
Received Import Request.
  Time since last request: 0.561051 seconds.
  path: Assets
  artifactKey: Guid(00000000000000001000000000000000) Importer(815301076,1909f56bfc062723c751e8b465ee728b)
Start importing Assets using Guid(00000000000000001000000000000000) Importer(815301076,1909f56bfc062723c751e8b465ee728b)  -> (artifact id: 'f47cf443bddc682ac2de11ea429897ce') in 0.003856 seconds
  Import took 0.089556 seconds .

========================================================================
Received Import Request.
  Time since last request: 9.598536 seconds.
  path: Assets/RT.renderTexture
  artifactKey: Guid(7dc205dd2f36f284c8ce9dfd1bef5eba) Importer(815301076,1909f56bfc062723c751e8b465ee728b)
Start importing Assets/RT.renderTexture using Guid(7dc205dd2f36f284c8ce9dfd1bef5eba) Importer(815301076,1909f56bfc062723c751e8b465ee728b)  -> (artifact id: '3908094d69b20793fda1b2c9c0253a73') in 0.050675 seconds
  Import took 0.055962 seconds .

========================================================================
Received Import Request.
  Time since last request: 23.830902 seconds.
  path: Assets/RT.renderTexture
  artifactKey: Guid(7dc205dd2f36f284c8ce9dfd1bef5eba) Importer(815301076,1909f56bfc062723c751e8b465ee728b)
Start importing Assets/RT.renderTexture using Guid(7dc205dd2f36f284c8ce9dfd1bef5eba) Importer(815301076,1909f56bfc062723c751e8b465ee728b)  -> (artifact id: 'a9800e881a22168c8840c8ccbbb5ee85') in 0.010222 seconds
  Import took 0.016333 seconds .

========================================================================
Received Import Request.
  Time since last request: 0.002953 seconds.
  path: Assets/RT.renderTexture
  artifactKey: Guid(7dc205dd2f36f284c8ce9dfd1bef5eba) Importer(815301076,1909f56bfc062723c751e8b465ee728b)
Start importing Assets/RT.renderTexture using Guid(7dc205dd2f36f284c8ce9dfd1bef5eba) Importer(815301076,1909f56bfc062723c751e8b465ee728b)  -> (artifact id: 'a9800e881a22168c8840c8ccbbb5ee85') in 0.006643 seconds
  Import took 0.011092 seconds .

========================================================================
Received Prepare
Registering precompiled user dll's ...
Registered in 0.002101 seconds.
Begin MonoManager ReloadAssembly
Native extension for WindowsStandalone target not found
Refreshing native plugins compatible for Editor in 0.64 ms, found 0 plugins.
Preloading 0 native plugins for Editor in 0.00 ms.
Invoked RoslynAnalysisRunner static constructor.
RoslynAnalysisRunner will not be running.
RoslynAnalysisRunner has terminated.
Mono: successfully reloaded assembly
- Completed reload, in  0.954 seconds
Platform modules already initialized, skipping
Shader 'Universal Render Pipeline/Particles/Lit': fallback shader 'Universal Render Pipeline/Particles/SimpleLit' not found
Refreshing native plugins compatible for Editor in 0.80 ms, found 0 plugins.
Preloading 0 native plugins for Editor in 0.00 ms.
Unloading 3127 Unused Serialized files (Serialized files now loaded: 0)
System memory in use before: 132.7 MB.
System memory in use after: 132.6 MB.

Unloading 37 unused Assets to reduce memory usage. Loaded Objects now: 3663.
Total: 5.436600 ms (FindLiveObjects: 0.357800 ms CreateObjectMapping: 0.202200 ms MarkObjects: 4.690100 ms  DeleteObjects: 0.185200 ms)

========================================================================
Received Prepare
Registering precompiled user dll's ...
Registered in 0.001859 seconds.
Begin MonoManager ReloadAssembly
Native extension for WindowsStandalone target not found
Refreshing native plugins compatible for Editor in 0.67 ms, found 0 plugins.
Preloading 0 native plugins for Editor in 0.00 ms.
Invoked RoslynAnalysisRunner static constructor.
RoslynAnalysisRunner will not be running.
RoslynAnalysisRunner has terminated.
Mono: successfully reloaded assembly
- Completed reload, in  0.972 seconds
Platform modules already initialized, skipping
Shader 'Universal Render Pipeline/Particles/Lit': fallback shader 'Universal Render Pipeline/Particles/SimpleLit' not found
Refreshing native plugins compatible for Editor in 0.75 ms, found 0 plugins.
Preloading 0 native plugins for Editor in 0.00 ms.
Unloading 3127 Unused Serialized files (Serialized files now loaded: 0)
System memory in use before: 132.7 MB.
System memory in use after: 132.7 MB.

Unloading 35 unused Assets to reduce memory usage. Loaded Objects now: 3665.
Total: 4.620200 ms (FindLiveObjects: 0.460900 ms CreateObjectMapping: 0.298000 ms MarkObjects: 3.538000 ms  DeleteObjects: 0.320300 ms)

========================================================================
Received Prepare
Registering precompiled user dll's ...
Registered in 0.001886 seconds.
Begin MonoManager ReloadAssembly
Native extension for WindowsStandalone target not found
Refreshing native plugins compatible for Editor in 0.57 ms, found 0 plugins.
Preloading 0 native plugins for Editor in 0.00 ms.
Invoked RoslynAnalysisRunner static constructor.
RoslynAnalysisRunner will not be running.
RoslynAnalysisRunner has terminated.
Mono: successfully reloaded assembly
- Completed reload, in  0.992 seconds
Platform modules already initialized, skipping
Shader 'Universal Render Pipeline/Particles/Lit': fallback shader 'Universal Render Pipeline/Particles/SimpleLit' not found
Refreshing native plugins compatible for Editor in 0.70 ms, found 0 plugins.
Preloading 0 native plugins for Editor in 0.00 ms.
Unloading 3127 Unused Serialized files (Serialized files now loaded: 0)
System memory in use before: 132.8 MB.
System memory in use after: 132.7 MB.

Unloading 35 unused Assets to reduce memory usage. Loaded Objects now: 3667.
Total: 4.246500 ms (FindLiveObjects: 0.387700 ms CreateObjectMapping: 0.258600 ms MarkObjects: 3.391600 ms  DeleteObjects: 0.206800 ms)

========================================================================
Received Prepare
Registering precompiled user dll's ...
Registered in 0.002221 seconds.
Begin MonoManager ReloadAssembly
Native extension for WindowsStandalone target not found
Refreshing native plugins compatible for Editor in 0.64 ms, found 0 plugins.
Preloading 0 native plugins for Editor in 0.00 ms.
Invoked RoslynAnalysisRunner static constructor.
RoslynAnalysisRunner will not be running.
RoslynAnalysisRunner has terminated.
Mono: successfully reloaded assembly
- Completed reload, in  0.935 seconds
Platform modules already initialized, skipping
Shader 'Universal Render Pipeline/Particles/Lit': fallback shader 'Universal Render Pipeline/Particles/SimpleLit' not found
Refreshing native plugins compatible for Editor in 0.73 ms, found 0 plugins.
Preloading 0 native plugins for Editor in 0.00 ms.
Unloading 3127 Unused Serialized files (Serialized files now loaded: 0)
System memory in use before: 132.8 MB.
System memory in use after: 132.8 MB.

Unloading 35 unused Assets to reduce memory usage. Loaded Objects now: 3669.
Total: 3.074500 ms (FindLiveObjects: 0.396600 ms CreateObjectMapping: 0.207800 ms MarkObjects: 2.278200 ms  DeleteObjects: 0.190100 ms)

========================================================================
Received Prepare
Registering precompiled user dll's ...
Registered in 0.002582 seconds.
Begin MonoManager ReloadAssembly
Native extension for WindowsStandalone target not found
Refreshing native plugins compatible for Editor in 0.52 ms, found 0 plugins.
Preloading 0 native plugins for Editor in 0.00 ms.
Invoked RoslynAnalysisRunner static constructor.
RoslynAnalysisRunner will not be running.
RoslynAnalysisRunner has terminated.
Mono: successfully reloaded assembly
- Completed reload, in  0.941 seconds
Platform modules already initialized, skipping
Shader 'Universal Render Pipeline/Particles/Lit': fallback shader 'Universal Render Pipeline/Particles/SimpleLit' not found
Refreshing native plugins compatible for Editor in 0.69 ms, found 0 plugins.
Preloading 0 native plugins for Editor in 0.00 ms.
Unloading 3127 Unused Serialized files (Serialized files now loaded: 0)
System memory in use before: 132.8 MB.
System memory in use after: 132.8 MB.

Unloading 35 unused Assets to reduce memory usage. Loaded Objects now: 3671.
Total: 3.236300 ms (FindLiveObjects: 0.381300 ms CreateObjectMapping: 0.197800 ms MarkObjects: 2.448700 ms  DeleteObjects: 0.206300 ms)

AssetImportWorkerClient::OnTransportError - code=2 error=End of file
